# JRE version: OpenJDK Runtime Environment (8.0_242-b01) (build 1.8.0_242-release-1644-b01)
# Java VM: OpenJDK 64-Bit Server VM (25.242-b01 mixed mode windows-amd64 compressed oops)
Heap:
 PSYoungGen      total 243712K, used 190770K [0x00000000e0000000, 0x00000000f1400000, 0x0000000100000000)
  eden space 218624K, 75% used [0x00000000e0000000,0x00000000ea1cfa98,0x00000000ed580000)
  from space 25088K, 99% used [0x00000000ef480000,0x00000000f0cfd128,0x00000000f0d00000)
  to   space 31744K, 0% used [0x00000000ed580000,0x00000000ed580000,0x00000000ef480000)
 ParOldGen       total 177664K, used 44668K [0x00000000a0000000, 0x00000000aad80000, 0x00000000e0000000)
  object space 177664K, 25% used [0x00000000a0000000,0x00000000a2b9f1a8,0x00000000aad80000)
 Metaspace       used 87470K, capacity 91758K, committed 91928K, reserved 1128448K
  class space    used 11468K, capacity 12325K, committed 12336K, reserved 1048576K
GC Heap History (10 events):
Event: 20.920 GC heap before
{Heap before GC invocations=13 (full 2):
 PSYoungGen      total 176128K, used 43547K [0x00000000e0000000, 0x00000000ec700000, 0x0000000100000000)
  eden space 162816K, 18% used [0x00000000e0000000,0x00000000e1d8da18,0x00000000e9f00000)
  from space 13312K, 99% used [0x00000000eb180000,0x00000000ebe79330,0x00000000ebe80000)
  to   space 18944K, 0% used [0x00000000e9f00000,0x00000000e9f00000,0x00000000eb180000)
 ParOldGen       total 116736K, used 25036K [0x00000000a0000000, 0x00000000a7200000, 0x00000000e0000000)
  object space 116736K, 21% used [0x00000000a0000000,0x00000000a18731f8,0x00000000a7200000)
 Metaspace       used 56862K, capacity 59008K, committed 59160K, reserved 1099776K
  class space    used 7625K, capacity 8132K, committed 8240K, reserved 1048576K
Event: 20.941 GC heap after
Heap after GC invocations=13 (full 2):
 PSYoungGen      total 181760K, used 17439K [0x00000000e0000000, 0x00000000eeb00000, 0x0000000100000000)
  eden space 162816K, 0% used [0x00000000e0000000,0x00000000e0000000,0x00000000e9f00000)
  from space 18944K, 92% used [0x00000000e9f00000,0x00000000eb007ec8,0x00000000eb180000)
  to   space 20992K, 0% used [0x00000000ed680000,0x00000000ed680000,0x00000000eeb00000)
 ParOldGen       total 116736K, used 25044K [0x00000000a0000000, 0x00000000a7200000, 0x00000000e0000000)
  object space 116736K, 21% used [0x00000000a0000000,0x00000000a18751f8,0x00000000a7200000)
 Metaspace       used 56862K, capacity 59008K, committed 59160K, reserved 1099776K
  class space    used 7625K, capacity 8132K, committed 8240K, reserved 1048576K
}
Event: 20.941 GC heap before
{Heap before GC invocations=14 (full 3):
 PSYoungGen      total 181760K, used 17439K [0x00000000e0000000, 0x00000000eeb00000, 0x0000000100000000)
  eden space 162816K, 0% used [0x00000000e0000000,0x00000000e0000000,0x00000000e9f00000)
  from space 18944K, 92% used [0x00000000e9f00000,0x00000000eb007ec8,0x00000000eb180000)
  to   space 20992K, 0% used [0x00000000ed680000,0x00000000ed680000,0x00000000eeb00000)
 ParOldGen       total 116736K, used 25044K [0x00000000a0000000, 0x00000000a7200000, 0x00000000e0000000)
  object space 116736K, 21% used [0x00000000a0000000,0x00000000a18751f8,0x00000000a7200000)
 Metaspace       used 56862K, capacity 59008K, committed 59160K, reserved 1099776K
  class space    used 7625K, capacity 8132K, committed 8240K, reserved 1048576K
Event: 21.291 GC heap after
Heap after GC invocations=14 (full 3):
 PSYoungGen      total 181760K, used 0K [0x00000000e0000000, 0x00000000eeb00000, 0x0000000100000000)
  eden space 162816K, 0% used [0x00000000e0000000,0x00000000e0000000,0x00000000e9f00000)
  from space 18944K, 0% used [0x00000000e9f00000,0x00000000e9f00000,0x00000000eb180000)
  to   space 20992K, 0% used [0x00000000ed680000,0x00000000ed680000,0x00000000eeb00000)
 ParOldGen       total 177664K, used 31807K [0x00000000a0000000, 0x00000000aad80000, 0x00000000e0000000)
  object space 177664K, 17% used [0x00000000a0000000,0x00000000a1f0fc50,0x00000000aad80000)
 Metaspace       used 56781K, capacity 58784K, committed 59160K, reserved 1099776K
  class space    used 7602K, capacity 8100K, committed 8240K, reserved 1048576K
}
Event: 23.374 GC heap before
{Heap before GC invocations=15 (full 3):
 PSYoungGen      total 181760K, used 162816K [0x00000000e0000000, 0x00000000eeb00000, 0x0000000100000000)
  eden space 162816K, 100% used [0x00000000e0000000,0x00000000e9f00000,0x00000000e9f00000)
  from space 18944K, 0% used [0x00000000e9f00000,0x00000000e9f00000,0x00000000eb180000)
  to   space 20992K, 0% used [0x00000000ed680000,0x00000000ed680000,0x00000000eeb00000)
 ParOldGen       total 177664K, used 31807K [0x00000000a0000000, 0x00000000aad80000, 0x00000000e0000000)
  object space 177664K, 17% used [0x00000000a0000000,0x00000000a1f0fc60,0x00000000aad80000)
 Metaspace       used 64519K, capacity 66976K, committed 67224K, reserved 1107968K
  class space    used 8762K, capacity 9297K, committed 9392K, reserved 1048576K
Event: 23.399 GC heap after
Heap after GC invocations=15 (full 3):
 PSYoungGen      total 207360K, used 12889K [0x00000000e0000000, 0x00000000ee480000, 0x0000000100000000)
  eden space 193024K, 0% used [0x00000000e0000000,0x00000000e0000000,0x00000000ebc80000)
  from space 14336K, 89% used [0x00000000ed680000,0x00000000ee316678,0x00000000ee480000)
  to   space 20480K, 0% used [0x00000000ebc80000,0x00000000ebc80000,0x00000000ed080000)
 ParOldGen       total 177664K, used 31815K [0x00000000a0000000, 0x00000000aad80000, 0x00000000e0000000)
  object space 177664K, 17% used [0x00000000a0000000,0x00000000a1f11c60,0x00000000aad80000)
 Metaspace       used 64519K, capacity 66976K, committed 67224K, reserved 1107968K
  class space    used 8762K, capacity 9297K, committed 9392K, reserved 1048576K
}
Event: 27.027 GC heap before
{Heap before GC invocations=16 (full 3):
 PSYoungGen      total 207360K, used 205913K [0x00000000e0000000, 0x00000000ee480000, 0x0000000100000000)
  eden space 193024K, 100% used [0x00000000e0000000,0x00000000ebc80000,0x00000000ebc80000)
  from space 14336K, 89% used [0x00000000ed680000,0x00000000ee316678,0x00000000ee480000)
  to   space 20480K, 0% used [0x00000000ebc80000,0x00000000ebc80000,0x00000000ed080000)
 ParOldGen       total 177664K, used 31837K [0x00000000a0000000, 0x00000000aad80000, 0x00000000e0000000)
  object space 177664K, 17% used [0x00000000a0000000,0x00000000a1f174a0,0x00000000aad80000)
 Metaspace       used 74438K, capacity 77722K, committed 77848K, reserved 1116160K
  class space    used 10111K, capacity 10796K, committed 10800K, reserved 1048576K
Event: 27.058 GC heap after
Heap after GC invocations=16 (full 3):
 PSYoungGen      total 213504K, used 20457K [0x00000000e0000000, 0x00000000f0d00000, 0x0000000100000000)
  eden space 193024K, 0% used [0x00000000e0000000,0x00000000e0000000,0x00000000ebc80000)
  from space 20480K, 99% used [0x00000000ebc80000,0x00000000ed07a410,0x00000000ed080000)
  to   space 25088K, 0% used [0x00000000ef480000,0x00000000ef480000,0x00000000f0d00000)
 ParOldGen       total 177664K, used 37195K [0x00000000a0000000, 0x00000000aad80000, 0x00000000e0000000)
  object space 177664K, 20% used [0x00000000a0000000,0x00000000a2452e20,0x00000000aad80000)
 Metaspace       used 74438K, capacity 77722K, committed 77848K, reserved 1116160K
  class space    used 10111K, capacity 10796K, committed 10800K, reserved 1048576K
}
Event: 1986.058 GC heap before
{Heap before GC invocations=17 (full 3):
 PSYoungGen      total 213504K, used 213481K [0x00000000e0000000, 0x00000000f0d00000, 0x0000000100000000)
  eden space 193024K, 100% used [0x00000000e0000000,0x00000000ebc80000,0x00000000ebc80000)
  from space 20480K, 99% used [0x00000000ebc80000,0x00000000ed07a410,0x00000000ed080000)
  to   space 25088K, 0% used [0x00000000ef480000,0x00000000ef480000,0x00000000f0d00000)
 ParOldGen       total 177664K, used 37195K [0x00000000a0000000, 0x00000000aad80000, 0x00000000e0000000)
  object space 177664K, 20% used [0x00000000a0000000,0x00000000a2452e20,0x00000000aad80000)
 Metaspace       used 81704K, capacity 85652K, committed 85912K, reserved 1124352K
  class space    used 10804K, capacity 11624K, committed 11696K, reserved 1048576K
Event: 1986.145 GC heap after
Heap after GC invocations=17 (full 3):
 PSYoungGen      total 243712K, used 25076K [0x00000000e0000000, 0x00000000f1400000, 0x0000000100000000)
  eden space 218624K, 0% used [0x00000000e0000000,0x00000000e0000000,0x00000000ed580000)
  from space 25088K, 99% used [0x00000000ef480000,0x00000000f0cfd128,0x00000000f0d00000)
  to   space 31744K, 0% used [0x00000000ed580000,0x00000000ed580000,0x00000000ef480000)
 ParOldGen       total 177664K, used 44668K [0x00000000a0000000, 0x00000000aad80000, 0x00000000e0000000)
  object space 177664K, 25% used [0x00000000a0000000,0x00000000a2b9f1a8,0x00000000aad80000)
 Metaspace       used 81704K, capacity 85652K, committed 85912K, reserved 1124352K
  class space    used 10804K, capacity 11624K, committed 11696K, reserved 1048576K
}

